This is pdfTeX, Version 3.1415926-2.5-1.40.14 (TeX Live 2013/Debian) (format=pdflatex 2014.10.26)  11 NOV 2014 22:09
entering extended mode
 restricted \write18 enabled.
 %&-line parsing enabled.
**9monthReport.tex
(./9monthReport.tex
LaTeX2e <2011/06/27>
Babel <3.9h> and hyphenation patterns for 7 languages loaded.
(/usr/share/texlive/texmf-dist/tex/latex/base/report.cls
Document Class: report 2007/10/19 v1.4h Standard LaTeX document class
(/usr/share/texlive/texmf-dist/tex/latex/base/size12.clo
File: size12.clo 2007/10/19 v1.4h Standard LaTeX file (size option)
)
\c@part=\count79
\c@chapter=\count80
\c@section=\count81
\c@subsection=\count82
\c@subsubsection=\count83
\c@paragraph=\count84
\c@subparagraph=\count85
\c@figure=\count86
\c@table=\count87
\abovecaptionskip=\skip41
\belowcaptionskip=\skip42
\bibindent=\dimen102
)
(/usr/share/texlive/texmf-dist/tex/latex/geometry/geometry.sty
Package: geometry 2010/09/12 v5.6 Page Geometry

(/usr/share/texlive/texmf-dist/tex/latex/graphics/keyval.sty
Package: keyval 1999/03/16 v1.13 key=value parser (DPC)
\KV@toks@=\toks14
)
(/usr/share/texlive/texmf-dist/tex/generic/oberdiek/ifpdf.sty
Package: ifpdf 2011/01/30 v2.3 Provides the ifpdf switch (HO)
Package ifpdf Info: pdfTeX in PDF mode is detected.
)
(/usr/share/texlive/texmf-dist/tex/generic/oberdiek/ifvtex.sty
Package: ifvtex 2010/03/01 v1.5 Detect VTeX and its facilities (HO)
Package ifvtex Info: VTeX not detected.
)
(/usr/share/texlive/texmf-dist/tex/generic/ifxetex/ifxetex.sty
Package: ifxetex 2010/09/12 v0.6 Provides ifxetex conditional
)
\Gm@cnth=\count88
\Gm@cntv=\count89
\c@Gm@tempcnt=\count90
\Gm@bindingoffset=\dimen103
\Gm@wd@mp=\dimen104
\Gm@odd@mp=\dimen105
\Gm@even@mp=\dimen106
\Gm@layoutwidth=\dimen107
\Gm@layoutheight=\dimen108
\Gm@layouthoffset=\dimen109
\Gm@layoutvoffset=\dimen110
\Gm@dimlist=\toks15
)
(/usr/share/texlive/texmf-dist/tex/latex/natbib/natbib.sty
Package: natbib 2010/09/13 8.31b (PWD, AO)
\bibhang=\skip43
\bibsep=\skip44
LaTeX Info: Redefining \cite on input line 694.
\c@NAT@ctr=\count91
)
(/usr/share/texlive/texmf-dist/tex/latex/amsmath/amsmath.sty
Package: amsmath 2013/01/14 v2.14 AMS math features
\@mathmargin=\skip45

For additional information on amsmath, use the `?' option.
(/usr/share/texlive/texmf-dist/tex/latex/amsmath/amstext.sty
Package: amstext 2000/06/29 v2.01

(/usr/share/texlive/texmf-dist/tex/latex/amsmath/amsgen.sty
File: amsgen.sty 1999/11/30 v2.0
\@emptytoks=\toks16
\ex@=\dimen111
))
(/usr/share/texlive/texmf-dist/tex/latex/amsmath/amsbsy.sty
Package: amsbsy 1999/11/29 v1.2d
\pmbraise@=\dimen112
)
(/usr/share/texlive/texmf-dist/tex/latex/amsmath/amsopn.sty
Package: amsopn 1999/12/14 v2.01 operator names
)
\inf@bad=\count92
LaTeX Info: Redefining \frac on input line 210.
\uproot@=\count93
\leftroot@=\count94
LaTeX Info: Redefining \overline on input line 306.
\classnum@=\count95
\DOTSCASE@=\count96
LaTeX Info: Redefining \ldots on input line 378.
LaTeX Info: Redefining \dots on input line 381.
LaTeX Info: Redefining \cdots on input line 466.
\Mathstrutbox@=\box26
\strutbox@=\box27
\big@size=\dimen113
LaTeX Font Info:    Redeclaring font encoding OML on input line 566.
LaTeX Font Info:    Redeclaring font encoding OMS on input line 567.
\macc@depth=\count97
\c@MaxMatrixCols=\count98
\dotsspace@=\muskip10
\c@parentequation=\count99
\dspbrk@lvl=\count100
\tag@help=\toks17
\row@=\count101
\column@=\count102
\maxfields@=\count103
\andhelp@=\toks18
\eqnshift@=\dimen114
\alignsep@=\dimen115
\tagshift@=\dimen116
\tagwidth@=\dimen117
\totwidth@=\dimen118
\lineht@=\dimen119
\@envbody=\toks19
\multlinegap=\skip46
\multlinetaggap=\skip47
\mathdisplay@stack=\toks20
LaTeX Info: Redefining \[ on input line 2665.
LaTeX Info: Redefining \] on input line 2666.
)
(/usr/share/texlive/texmf-dist/tex/latex/graphics/graphicx.sty
Package: graphicx 1999/02/16 v1.0f Enhanced LaTeX Graphics (DPC,SPQR)

(/usr/share/texlive/texmf-dist/tex/latex/graphics/graphics.sty
Package: graphics 2009/02/05 v1.0o Standard LaTeX Graphics (DPC,SPQR)

(/usr/share/texlive/texmf-dist/tex/latex/graphics/trig.sty
Package: trig 1999/03/16 v1.09 sin cos tan (DPC)
)
(/usr/share/texlive/texmf-dist/tex/latex/latexconfig/graphics.cfg
File: graphics.cfg 2010/04/23 v1.9 graphics configuration of TeX Live
)
Package graphics Info: Driver file: pdftex.def on input line 91.

(/usr/share/texlive/texmf-dist/tex/latex/pdftex-def/pdftex.def
File: pdftex.def 2011/05/27 v0.06d Graphics/color for pdfTeX

(/usr/share/texlive/texmf-dist/tex/generic/oberdiek/infwarerr.sty
Package: infwarerr 2010/04/08 v1.3 Providing info/warning/error messages (HO)
)
(/usr/share/texlive/texmf-dist/tex/generic/oberdiek/ltxcmds.sty
Package: ltxcmds 2011/11/09 v1.22 LaTeX kernel commands for general use (HO)
)
\Gread@gobject=\count104
))
\Gin@req@height=\dimen120
\Gin@req@width=\dimen121
)
\@input{thesis.preamble.aux}
\openout2 = `thesis.preamble.aux'.

(./thesis.preamble.tex
(/usr/share/texlive/texmf-dist/tex/latex/tools/verbatim.sty
Package: verbatim 2003/08/22 v1.5q LaTeX2e package for verbatim enhancements
\every@verbatim=\toks21
\verbatim@line=\toks22
\verbatim@in@stream=\read1
)
(/usr/share/texlive/texmf-dist/tex/latex/base/latexsym.sty
Package: latexsym 1998/08/17 v2.2e Standard LaTeX package (lasy symbols)
\symlasy=\mathgroup4
LaTeX Font Info:    Overwriting symbol font `lasy' in version `bold'
(Font)                  U/lasy/m/n --> U/lasy/b/n on input line 47.
) (./mathchars.sty)
(/usr/share/texlive/texmf-dist/tex/latex/setspace/setspace.sty
Package: setspace 2011/12/19 v6.7a set line spacing
) (./blocked.sty) (./uhead.sty) (./boxit.sty) (./icthesis.sty)
\c@definition=\count105
\c@theorem=\count106
) (./9monthReport.aux)
\openout1 = `9monthReport.aux'.

LaTeX Font Info:    Checking defaults for OML/cmm/m/it on input line 13.
LaTeX Font Info:    ... okay on input line 13.
LaTeX Font Info:    Checking defaults for T1/cmr/m/n on input line 13.
LaTeX Font Info:    ... okay on input line 13.
LaTeX Font Info:    Checking defaults for OT1/cmr/m/n on input line 13.
LaTeX Font Info:    ... okay on input line 13.
LaTeX Font Info:    Checking defaults for OMS/cmsy/m/n on input line 13.
LaTeX Font Info:    ... okay on input line 13.
LaTeX Font Info:    Checking defaults for OMX/cmex/m/n on input line 13.
LaTeX Font Info:    ... okay on input line 13.
LaTeX Font Info:    Checking defaults for U/cmr/m/n on input line 13.
LaTeX Font Info:    ... okay on input line 13.

*geometry* driver: auto-detecting
*geometry* detected driver: pdftex
*geometry* verbose mode - [ preamble ] result:
* driver: pdftex
* paper: a4paper
* layout: <same size as paper>
* layoutoffset:(h,v)=(0.0pt,0.0pt)
* modes: twoside 
* h-part:(L,W,R)=(56.9055pt, 483.69687pt, 56.9055pt)
* v-part:(T,H,B)=(56.9055pt, 702.78308pt, 85.35826pt)
* \paperwidth=597.50787pt
* \paperheight=845.04684pt
* \textwidth=483.69687pt
* \textheight=702.78308pt
* \oddsidemargin=-15.36449pt
* \evensidemargin=-15.36449pt
* \topmargin=-52.36449pt
* \headheight=12.0pt
* \headsep=25.0pt
* \topskip=12.0pt
* \footskip=30.0pt
* \marginparwidth=85.0pt
* \marginparsep=10.0pt
* \columnsep=10.0pt
* \skip\footins=10.8pt plus 4.0pt minus 2.0pt
* \hoffset=0.0pt
* \voffset=0.0pt
* \mag=1000
* \@twocolumnfalse
* \@twosidetrue
* \@mparswitchtrue
* \@reversemarginfalse
* (1in=72.27pt=25.4mm, 1cm=28.453pt)

(/usr/share/texlive/texmf-dist/tex/context/base/supp-pdf.mkii
[Loading MPS to PDF converter (version 2006.09.02).]
\scratchcounter=\count107
\scratchdimen=\dimen122
\scratchbox=\box28
\nofMPsegments=\count108
\nofMParguments=\count109
\everyMPshowfont=\toks23
\MPscratchCnt=\count110
\MPscratchDim=\dimen123
\MPnumerator=\count111
\makeMPintoPDFobject=\count112
\everyMPtoPDFconversion=\toks24
) (/usr/share/texlive/texmf-dist/tex/generic/oberdiek/pdftexcmds.sty
Package: pdftexcmds 2011/11/29 v0.20 Utility functions of pdfTeX for LuaTeX (HO
)

(/usr/share/texlive/texmf-dist/tex/generic/oberdiek/ifluatex.sty
Package: ifluatex 2010/03/01 v1.3 Provides the ifluatex switch (HO)
Package ifluatex Info: LuaTeX not detected.
)
Package pdftexcmds Info: LuaTeX not detected.
Package pdftexcmds Info: \pdf@primitive is available.
Package pdftexcmds Info: \pdf@ifprimitive is available.
Package pdftexcmds Info: \pdfdraftmode found.
)
(/usr/share/texlive/texmf-dist/tex/latex/oberdiek/epstopdf-base.sty
Package: epstopdf-base 2010/02/09 v2.5 Base part for package epstopdf

(/usr/share/texlive/texmf-dist/tex/latex/oberdiek/grfext.sty
Package: grfext 2010/08/19 v1.1 Manage graphics extensions (HO)

(/usr/share/texlive/texmf-dist/tex/generic/oberdiek/kvdefinekeys.sty
Package: kvdefinekeys 2011/04/07 v1.3 Define keys (HO)
))
(/usr/share/texlive/texmf-dist/tex/latex/oberdiek/kvoptions.sty
Package: kvoptions 2011/06/30 v3.11 Key value format for package options (HO)

(/usr/share/texlive/texmf-dist/tex/generic/oberdiek/kvsetkeys.sty
Package: kvsetkeys 2012/04/25 v1.16 Key value parser (HO)

(/usr/share/texlive/texmf-dist/tex/generic/oberdiek/etexcmds.sty
Package: etexcmds 2011/02/16 v1.5 Avoid name clashes with e-TeX commands (HO)
Package etexcmds Info: Could not find \expanded.
(etexcmds)             That can mean that you are not using pdfTeX 1.50 or
(etexcmds)             that some package has redefined \expanded.
(etexcmds)             In the latter case, load this package earlier.
)))
Package grfext Info: Graphics extension search list:
(grfext)             [.png,.pdf,.jpg,.mps,.jpeg,.jbig2,.jb2,.PNG,.PDF,.JPG,.JPE
G,.JBIG2,.JB2,.eps]
(grfext)             \AppendGraphicsExtensions on input line 452.

(/usr/share/texlive/texmf-dist/tex/latex/latexconfig/epstopdf-sys.cfg
File: epstopdf-sys.cfg 2010/07/13 v1.3 Configuration of (r)epstopdf for TeX Liv
e
))
Overfull \vbox (10.87895pt too high) detected at line 23
 []

[1



{/var/lib/texmf/fonts/map/pdftex/updmap/pdftex.map}] [2

]
(./abstract/abstract.tex)
LaTeX Font Info:    Try loading font information for U+lasy on input line 28.

(/usr/share/texlive/texmf-dist/tex/latex/base/ulasy.fd
File: ulasy.fd 1998/08/17 v2.2e LaTeX symbol font definitions
) [1] (./9monthReport.toc)
\tf@toc=\write3
\openout3 = `9monthReport.toc'.

 [2

] (./introduction/introduction.tex
Chapter 1.
[1


]
Package epstopdf Info: Source file: <./figures/fram.eps>
(epstopdf)                    date: 2014-11-11 22:07:10
(epstopdf)                    size: 709855 bytes
(epstopdf)             Output file: <./figures/fram-eps-converted-to.pdf>
(epstopdf)                    date: 2014-11-11 22:09:56
(epstopdf)                    size: 224276 bytes
(epstopdf)             Command: <repstopdf --outfile=./figures/fram-eps-convert
ed-to.pdf ./figures/fram.eps>
(epstopdf)             \includegraphics on input line 15.
Package epstopdf Info: Output file is already uptodate.
 <./figures/fram-eps-converted-to.pdf, id=22, 333.245pt x 434.62375pt>
File: ./figures/fram-eps-converted-to.pdf Graphic file (type pdf)

<use ./figures/fram-eps-converted-to.pdf>
Package pdftex.def Info: ./figures/fram-eps-converted-to.pdf used on input line
 15.
(pdftex.def)             Requested size: 333.24417pt x 434.62268pt.
) (./background/background.tex
[2] [3] [4 <./figures/fram-eps-converted-to.pdf>]
Chapter 2.
[5

] [6] [7] [8] [9] [10]
Underfull \vbox (badness 10000) has occurred while \output is active []

 [11]
[12]
Underfull \vbox (badness 7907) has occurred while \output is active []

 [13])
(./results/results.tex [14]
Chapter 3.
Package epstopdf Info: Source file: <./figures/s_octa_g_mesh.eps>
(epstopdf)                    date: 2014-11-11 19:14:55
(epstopdf)                    size: 8761407 bytes
(epstopdf)             Output file: <./figures/s_octa_g_mesh-eps-converted-to.p
df>
(epstopdf)                    date: 2014-11-11 19:29:08
(epstopdf)                    size: 869466 bytes
(epstopdf)             Command: <repstopdf --outfile=./figures/s_octa_g_mesh-ep
s-converted-to.pdf ./figures/s_octa_g_mesh.eps>
(epstopdf)             \includegraphics on input line 13.
Package epstopdf Info: Output file is already uptodate.

<./figures/s_octa_g_mesh-eps-converted-to.pdf, id=78, 1491.5725pt x 985.6825pt>
File: ./figures/s_octa_g_mesh-eps-converted-to.pdf Graphic file (type pdf)
<use ./figures/s_octa_g_mesh-eps-converted-to.pdf>
Package pdftex.def Info: ./figures/s_octa_g_mesh-eps-converted-to.pdf used on i
nput line 13.
(pdftex.def)             Requested size: 483.69687pt x 319.63612pt.
Package epstopdf Info: Source file: <./figures/c_octa_g_mesh.eps>
(epstopdf)                    date: 2014-11-11 19:20:42
(epstopdf)                    size: 8761417 bytes
(epstopdf)             Output file: <./figures/c_octa_g_mesh-eps-converted-to.p
df>
(epstopdf)                    date: 2014-11-11 19:30:57
(epstopdf)                    size: 783670 bytes
(epstopdf)             Command: <repstopdf --outfile=./figures/c_octa_g_mesh-ep
s-converted-to.pdf ./figures/c_octa_g_mesh.eps>
(epstopdf)             \includegraphics on input line 19.
Package epstopdf Info: Output file is already uptodate.

<./figures/c_octa_g_mesh-eps-converted-to.pdf, id=79, 1491.5725pt x 985.6825pt>
File: ./figures/c_octa_g_mesh-eps-converted-to.pdf Graphic file (type pdf)
<use ./figures/c_octa_g_mesh-eps-converted-to.pdf>
Package pdftex.def Info: ./figures/c_octa_g_mesh-eps-converted-to.pdf used on i
nput line 19.
(pdftex.def)             Requested size: 483.69687pt x 319.63612pt.
 [15

]
Package epstopdf Info: Source file: <./figures/s_octa_g.eps>
(epstopdf)                    date: 2014-11-10 15:22:14
(epstopdf)                    size: 8761406 bytes
(epstopdf)             Output file: <./figures/s_octa_g-eps-converted-to.pdf>
(epstopdf)                    date: 2014-11-11 20:15:04
(epstopdf)                    size: 653043 bytes
(epstopdf)             Command: <repstopdf --outfile=./figures/s_octa_g-eps-con
verted-to.pdf ./figures/s_octa_g.eps>
(epstopdf)             \includegraphics on input line 27.
Package epstopdf Info: Output file is already uptodate.

<./figures/s_octa_g-eps-converted-to.pdf, id=84, 1491.5725pt x 985.6825pt>
File: ./figures/s_octa_g-eps-converted-to.pdf Graphic file (type pdf)

<use ./figures/s_octa_g-eps-converted-to.pdf>
Package pdftex.def Info: ./figures/s_octa_g-eps-converted-to.pdf used on input 
line 27.
(pdftex.def)             Requested size: 483.69687pt x 319.63612pt.
Package epstopdf Info: Source file: <./figures/s_octa_g_tube.eps>
(epstopdf)                    date: 2014-11-10 17:58:29
(epstopdf)                    size: 8761416 bytes
(epstopdf)             Output file: <./figures/s_octa_g_tube-eps-converted-to.p
df>
(epstopdf)                    date: 2014-11-11 20:15:06
(epstopdf)                    size: 313007 bytes
(epstopdf)             Command: <repstopdf --outfile=./figures/s_octa_g_tube-ep
s-converted-to.pdf ./figures/s_octa_g_tube.eps>
(epstopdf)             \includegraphics on input line 33.
Package epstopdf Info: Output file is already uptodate.

<./figures/s_octa_g_tube-eps-converted-to.pdf, id=85, 1491.5725pt x 985.6825pt>
File: ./figures/s_octa_g_tube-eps-converted-to.pdf Graphic file (type pdf)
<use ./figures/s_octa_g_tube-eps-converted-to.pdf>
Package pdftex.def Info: ./figures/s_octa_g_tube-eps-converted-to.pdf used on i
nput line 33.
(pdftex.def)             Requested size: 483.69687pt x 319.63612pt.
Package epstopdf Info: Source file: <./figures/cube_octag.eps>
(epstopdf)                    date: 2014-11-10 18:53:47
(epstopdf)                    size: 8761396 bytes
(epstopdf)             Output file: <./figures/cube_octag-eps-converted-to.pdf>

(epstopdf)                    date: 2014-11-11 20:15:09
(epstopdf)                    size: 926728 bytes
(epstopdf)             Command: <repstopdf --outfile=./figures/cube_octag-eps-c
onverted-to.pdf ./figures/cube_octag.eps>
(epstopdf)             \includegraphics on input line 39.
Package epstopdf Info: Output file is already uptodate.

<./figures/cube_octag-eps-converted-to.pdf, id=86, 1491.5725pt x 985.6825pt>
File: ./figures/cube_octag-eps-converted-to.pdf Graphic file (type pdf)

<use ./figures/cube_octag-eps-converted-to.pdf>
Package pdftex.def Info: ./figures/cube_octag-eps-converted-to.pdf used on inpu
t line 39.
(pdftex.def)             Requested size: 483.69687pt x 319.63612pt.
Package epstopdf Info: Source file: <./figures/cube_octag_tube.eps>
(epstopdf)                    date: 2014-11-10 18:57:40
(epstopdf)                    size: 8761406 bytes
(epstopdf)             Output file: <./figures/cube_octag_tube-eps-converted-to
.pdf>
(epstopdf)                    date: 2014-11-11 20:15:12
(epstopdf)                    size: 454511 bytes
(epstopdf)             Command: <repstopdf --outfile=./figures/cube_octag_tube-
eps-converted-to.pdf ./figures/cube_octag_tube.eps>
(epstopdf)             \includegraphics on input line 45.
Package epstopdf Info: Output file is already uptodate.

<./figures/cube_octag_tube-eps-converted-to.pdf, id=87, 1491.5725pt x 985.6825p
t>
File: ./figures/cube_octag_tube-eps-converted-to.pdf Graphic file (type pdf)
 <use ./figures/cube_octag_tube-eps-converted-to.pdf>
Package pdftex.def Info: ./figures/cube_octag_tube-eps-converted-to.pdf used on
 input line 45.
(pdftex.def)             Requested size: 483.69687pt x 319.63612pt.
Package epstopdf Info: Source file: <./figures/c_octa_g.eps>
(epstopdf)                    date: 2014-11-11 18:46:20
(epstopdf)                    size: 8761415 bytes
(epstopdf)             Output file: <./figures/c_octa_g-eps-converted-to.pdf>
(epstopdf)                    date: 2014-11-11 20:15:14
(epstopdf)                    size: 710520 bytes
(epstopdf)             Command: <repstopdf --outfile=./figures/c_octa_g-eps-con
verted-to.pdf ./figures/c_octa_g.eps>
(epstopdf)             \includegraphics on input line 51.
Package epstopdf Info: Output file is already uptodate.

<./figures/c_octa_g-eps-converted-to.pdf, id=88, 1491.5725pt x 985.6825pt>
File: ./figures/c_octa_g-eps-converted-to.pdf Graphic file (type pdf)

<use ./figures/c_octa_g-eps-converted-to.pdf>
Package pdftex.def Info: ./figures/c_octa_g-eps-converted-to.pdf used on input 
line 51.
(pdftex.def)             Requested size: 483.69687pt x 319.63612pt.
Package epstopdf Info: Source file: <./figures/c_octa_g_tube.eps>
(epstopdf)                    date: 2014-11-11 19:04:10
(epstopdf)                    size: 8761425 bytes
(epstopdf)             Output file: <./figures/c_octa_g_tube-eps-converted-to.p
df>
(epstopdf)                    date: 2014-11-11 20:15:17
(epstopdf)                    size: 375379 bytes
(epstopdf)             Command: <repstopdf --outfile=./figures/c_octa_g_tube-ep
s-converted-to.pdf ./figures/c_octa_g_tube.eps>
(epstopdf)             \includegraphics on input line 57.
Package epstopdf Info: Output file is already uptodate.

<./figures/c_octa_g_tube-eps-converted-to.pdf, id=89, 1491.5725pt x 985.6825pt>
File: ./figures/c_octa_g_tube-eps-converted-to.pdf Graphic file (type pdf)
<use ./figures/c_octa_g_tube-eps-converted-to.pdf>
Package pdftex.def Info: ./figures/c_octa_g_tube-eps-converted-to.pdf used on i
nput line 57.
(pdftex.def)             Requested size: 483.69687pt x 319.63612pt.
 [16 <./figures/s_octa_g_mesh-eps-converted-to.pdf>]
Package epstopdf Info: Source file: <./figures/B-M_30nm_looped_easy.eps>
(epstopdf)                    date: 2014-09-17 11:00:30
(epstopdf)                    size: 24551 bytes
(epstopdf)             Output file: <./figures/B-M_30nm_looped_easy-eps-convert
ed-to.pdf>
(epstopdf)                    date: 2014-11-11 21:22:12
(epstopdf)                    size: 10884 bytes
(epstopdf)             Command: <repstopdf --outfile=./figures/B-M_30nm_looped_
easy-eps-converted-to.pdf ./figures/B-M_30nm_looped_easy.eps>
(epstopdf)             \includegraphics on input line 65.
Package epstopdf Info: Output file is already uptodate.

<./figures/B-M_30nm_looped_easy-eps-converted-to.pdf, id=96, 361.35pt x 252.945
pt>
File: ./figures/B-M_30nm_looped_easy-eps-converted-to.pdf Graphic file (type pd
f)
 <use ./figures/B-M_30nm_looped_easy-eps-converted-to.pdf>
Package pdftex.def Info: ./figures/B-M_30nm_looped_easy-eps-converted-to.pdf us
ed on input line 65.
(pdftex.def)             Requested size: 483.69687pt x 338.58945pt.
Package epstopdf Info: Source file: <./figures/B-M_30nm_looped_hard.eps>
(epstopdf)                    date: 2014-09-17 11:03:57
(epstopdf)                    size: 24691 bytes
(epstopdf)             Output file: <./figures/B-M_30nm_looped_hard-eps-convert
ed-to.pdf>
(epstopdf)                    date: 2014-11-11 21:22:12
(epstopdf)                    size: 11138 bytes
(epstopdf)             Command: <repstopdf --outfile=./figures/B-M_30nm_looped_
hard-eps-converted-to.pdf ./figures/B-M_30nm_looped_hard.eps>
(epstopdf)             \includegraphics on input line 71.
Package epstopdf Info: Output file is already uptodate.

<./figures/B-M_30nm_looped_hard-eps-converted-to.pdf, id=97, 361.35pt x 252.945
pt>
File: ./figures/B-M_30nm_looped_hard-eps-converted-to.pdf Graphic file (type pd
f)
 <use ./figures/B-M_30nm_looped_hard-eps-converted-to.pdf>
Package pdftex.def Info: ./figures/B-M_30nm_looped_hard-eps-converted-to.pdf us
ed on input line 71.
(pdftex.def)             Requested size: 483.69687pt x 338.58945pt.
Package epstopdf Info: Source file: <./figures/B-M_30nm_looped_middle.eps>
(epstopdf)                    date: 2014-09-17 11:01:17
(epstopdf)                    size: 24635 bytes
(epstopdf)             Output file: <./figures/B-M_30nm_looped_middle-eps-conve
rted-to.pdf>
(epstopdf)                    date: 2014-11-11 21:22:12
(epstopdf)                    size: 10876 bytes
(epstopdf)             Command: <repstopdf --outfile=./figures/B-M_30nm_looped_
middle-eps-converted-to.pdf ./figures/B-M_30nm_looped_middle.eps>
(epstopdf)             \includegraphics on input line 77.
Package epstopdf Info: Output file is already uptodate.

<./figures/B-M_30nm_looped_middle-eps-converted-to.pdf, id=98, 361.35pt x 252.9
45pt>
File: ./figures/B-M_30nm_looped_middle-eps-converted-to.pdf Graphic file (type 
pdf)
 <use ./figures/B-M_30nm_looped_middle-eps-converted-to.pdf>
Package pdftex.def Info: ./figures/B-M_30nm_looped_middle-eps-converted-to.pdf 
used on input line 77.
(pdftex.def)             Requested size: 483.69687pt x 338.58945pt.
)
(./plan/plan.tex [17 <./figures/c_octa_g_mesh-eps-converted-to.pdf>] [18 <./fig
ures/s_octa_g-eps-converted-to.pdf>] [19 <./figures/s_octa_g_tube-eps-converted
-to.pdf>] [20 <./figures/cube_octag-eps-converted-to.pdf>] [21 <./figures/cube_
octag_tube-eps-converted-to.pdf>] [22 <./figures/c_octa_g-eps-converted-to.pdf>
] [23 <./figures/c_octa_g_tube-eps-converted-to.pdf>] [24 <./figures/B-M_30nm_l
ooped_easy-eps-converted-to.pdf>] [25 <./figures/B-M_30nm_looped_hard-eps-conve
rted-to.pdf>] [26 <./figures/B-M_30nm_looped_middle-eps-converted-to.pdf>]
Chapter 4.
) (./9monthReport.bbl [27

] [28

] [29] [30] [31]) [32] (./9monthReport.aux) ) 
Here is how much of TeX's memory you used:
 3373 strings out of 494925
 46598 string characters out of 6178543
 114850 words of memory out of 5000000
 6499 multiletter control sequences out of 15000+600000
 12419 words of font info for 45 fonts, out of 8000000 for 9000
 62 hyphenation exceptions out of 8191
 38i,11n,27p,2111b,343s stack positions out of 5000i,500n,10000p,200000b,80000s
</usr/share/texlive/texmf-dist/fon
ts/type1/public/amsfonts/cm/cmbx12.pfb></usr/share/texlive/texmf-dist/fonts/typ
e1/public/amsfonts/cm/cmbx8.pfb></usr/share/texlive/texmf-dist/fonts/type1/publ
ic/amsfonts/cm/cmex10.pfb></usr/share/texlive/texmf-dist/fonts/type1/public/ams
fonts/cm/cmmi12.pfb></usr/share/texlive/texmf-dist/fonts/type1/public/amsfonts/
cm/cmmi8.pfb></usr/share/texlive/texmf-dist/fonts/type1/public/amsfonts/cm/cmr1
2.pfb></usr/share/texlive/texmf-dist/fonts/type1/public/amsfonts/cm/cmr17.pfb><
/usr/share/texlive/texmf-dist/fonts/type1/public/amsfonts/cm/cmr6.pfb></usr/sha
re/texlive/texmf-dist/fonts/type1/public/amsfonts/cm/cmr8.pfb></usr/share/texli
ve/texmf-dist/fonts/type1/public/amsfonts/cm/cmsl12.pfb></usr/share/texlive/tex
mf-dist/fonts/type1/public/amsfonts/cm/cmsy10.pfb></usr/share/texlive/texmf-dis
t/fonts/type1/public/amsfonts/cm/cmsy6.pfb></usr/share/texlive/texmf-dist/fonts
/type1/public/amsfonts/cm/cmsy8.pfb></usr/share/texlive/texmf-dist/fonts/type1/
public/amsfonts/cm/cmti12.pfb></usr/share/texlive/texmf-dist/fonts/type1/public
/amsfonts/cm/cmti8.pfb>
Output written on 9monthReport.pdf (36 pages, 5540074 bytes).
PDF statistics:
 234 PDF objects out of 1000 (max. 8388607)
 155 compressed objects within 2 object streams
 0 named destinations out of 1000 (max. 500000)
 61 words of extra memory for PDF output out of 10000 (max. 10000000)

